<?xml version="1.0" encoding="UTF-8"?>
<!-- Generated by org.testng.reporters.JUnitReportReporter -->
<testsuite skipped="0" hostname="Rahul" name="PageHomeTest.Home" tests="1" failures="0" timestamp="2020-02-07T12:58:32 IST" time="5.295" errors="0">
  <testcase name="login" time="5.295" classname="PageHomeTest.Home"/>
  <system-out/>
</testsuite> <!-- PageHomeTest.Home -->
