<?xml version="1.0" encoding="UTF-8"?>
<!-- Generated by org.testng.reporters.JUnitReportReporter -->
<testsuite skipped="0" hostname="Rahul" name="PageHomeTest.Home" tests="2" failures="0" timestamp="2020-01-31T16:02:59 IST" time="6.834" errors="0">
  <testcase name="homePage" time="0.047" classname="PageHomeTest.Home"/>
  <system-out/>
  <testcase name="login" time="6.787" classname="PageHomeTest.Home"/>
  <system-out/>
</testsuite> <!-- PageHomeTest.Home -->
